06, 28, 2016 (01:32:52): Opening rpy file C:\Program Files (x86)\IBM\Rational\Rhapsody Modeler\7.5\Share\Properties\PredefinedTypes.sbs
06, 28, 2016 (01:32:52): 
 Started loading C:\Program Files (x86)\IBM\Rational\Rhapsody Modeler\7.5\Share\Properties\PredefinedTypes.sbs on Tuesday, June 28, 2016 (01:32:52).-

06, 28, 2016 (01:32:52): 

Starting inUnit resolution phase


06, 28, 2016 (01:32:52): 

Finished inUnit resolution phase


06, 28, 2016 (01:32:52): 
 Finished loading C:\Program Files (x86)\IBM\Rational\Rhapsody Modeler\7.5\Share\Properties\PredefinedTypes.sbs on Tuesday, June 28, 2016 (01:32:52).-

06, 28, 2016 (01:32:52): Opening rpy file C:\Program Files (x86)\IBM\Rational\Rhapsody Modeler\7.5\Share\Properties\PredefinedTypesC++.sbs
06, 28, 2016 (01:32:52): 
 Started loading C:\Program Files (x86)\IBM\Rational\Rhapsody Modeler\7.5\Share\Properties\PredefinedTypesC++.sbs on Tuesday, June 28, 2016 (01:32:52).-

06, 28, 2016 (01:32:52): 

Starting inUnit resolution phase


06, 28, 2016 (01:32:52): 

Finished inUnit resolution phase


06, 28, 2016 (01:32:52): 
 Finished loading C:\Program Files (x86)\IBM\Rational\Rhapsody Modeler\7.5\Share\Properties\PredefinedTypesC++.sbs on Tuesday, June 28, 2016 (01:32:52).-

06, 28, 2016 (01:32:52): Opening rpy file E:\ES670A\Final Project\model\Projeto_ES670.rpy
06, 28, 2016 (01:32:52): 
 Started loading E:\ES670A\Final Project\model\Projeto_ES670.rpy on Tuesday, June 28, 2016 (01:32:52).-

06, 28, 2016 (01:32:52): Opening rpy file E:\ES670A\Final Project\model\Projeto_ES670_rpy\Final_Project.sbs
06, 28, 2016 (01:32:52): 
 Started loading E:\ES670A\Final Project\model\Projeto_ES670_rpy\Final_Project.sbs on Tuesday, June 28, 2016 (01:32:52).-

06, 28, 2016 (01:32:52): 

Starting inUnit resolution phase


06, 28, 2016 (01:32:52): 

Finished inUnit resolution phase


06, 28, 2016 (01:32:52): 
 Finished loading E:\ES670A\Final Project\model\Projeto_ES670_rpy\Final_Project.sbs on Tuesday, June 28, 2016 (01:32:52).-

06, 28, 2016 (01:32:52): Opening rpy file E:\ES670A\Final Project\model\Projeto_ES670_rpy\Requirements.sbs
06, 28, 2016 (01:32:52): 
 Started loading E:\ES670A\Final Project\model\Projeto_ES670_rpy\Requirements.sbs on Tuesday, June 28, 2016 (01:32:52).-

06, 28, 2016 (01:32:52): 

Starting inUnit resolution phase


06, 28, 2016 (01:32:52): 

Finished inUnit resolution phase


06, 28, 2016 (01:32:52): 
 Finished loading E:\ES670A\Final Project\model\Projeto_ES670_rpy\Requirements.sbs on Tuesday, June 28, 2016 (01:32:52).-

06, 28, 2016 (01:32:52): Opening rpy file E:\ES670A\Final Project\model\Projeto_ES670_rpy\Sources.sbs
06, 28, 2016 (01:32:52): 
 Started loading E:\ES670A\Final Project\model\Projeto_ES670_rpy\Sources.sbs on Tuesday, June 28, 2016 (01:32:52).-

06, 28, 2016 (01:32:52): Opening rpy file E:\ES670A\Final Project\model\Projeto_ES670_rpy\main.sbs
06, 28, 2016 (01:32:52): 
 Started loading E:\ES670A\Final Project\model\Projeto_ES670_rpy\main.sbs on Tuesday, June 28, 2016 (01:32:52).-

06, 28, 2016 (01:32:52): 

Starting inUnit resolution phase


06, 28, 2016 (01:32:52): 

Finished inUnit resolution phase


06, 28, 2016 (01:32:52): 
 Finished loading E:\ES670A\Final Project\model\Projeto_ES670_rpy\main.sbs on Tuesday, June 28, 2016 (01:32:52).-

06, 28, 2016 (01:32:52): Opening rpy file E:\ES670A\Final Project\model\Projeto_ES670_rpy\hal.sbs
06, 28, 2016 (01:32:52): 
 Started loading E:\ES670A\Final Project\model\Projeto_ES670_rpy\hal.sbs on Tuesday, June 28, 2016 (01:32:52).-

06, 28, 2016 (01:32:52): Opening rpy file E:\ES670A\Final Project\model\Projeto_ES670_rpy\util.sbs
06, 28, 2016 (01:32:52): 
 Started loading E:\ES670A\Final Project\model\Projeto_ES670_rpy\util.sbs on Tuesday, June 28, 2016 (01:32:52).-

06, 28, 2016 (01:32:52): 

Starting inUnit resolution phase


06, 28, 2016 (01:32:52): 

Finished inUnit resolution phase


06, 28, 2016 (01:32:52): 
 Finished loading E:\ES670A\Final Project\model\Projeto_ES670_rpy\util.sbs on Tuesday, June 28, 2016 (01:32:52).-

06, 28, 2016 (01:32:52): Opening rpy file E:\ES670A\Final Project\model\Projeto_ES670_rpy\mcg.sbs
06, 28, 2016 (01:32:52): 
 Started loading E:\ES670A\Final Project\model\Projeto_ES670_rpy\mcg.sbs on Tuesday, June 28, 2016 (01:32:52).-

06, 28, 2016 (01:32:52): 

Starting inUnit resolution phase


06, 28, 2016 (01:32:52): 

Finished inUnit resolution phase


06, 28, 2016 (01:32:52): 
 Finished loading E:\ES670A\Final Project\model\Projeto_ES670_rpy\mcg.sbs on Tuesday, June 28, 2016 (01:32:52).-

06, 28, 2016 (01:32:52): Opening rpy file E:\ES670A\Final Project\model\Projeto_ES670_rpy\uart.sbs
06, 28, 2016 (01:32:52): 
 Started loading E:\ES670A\Final Project\model\Projeto_ES670_rpy\uart.sbs on Tuesday, June 28, 2016 (01:32:52).-

06, 28, 2016 (01:32:52): 

Starting inUnit resolution phase


06, 28, 2016 (01:32:52): 

Finished inUnit resolution phase


06, 28, 2016 (01:32:52): 
 Finished loading E:\ES670A\Final Project\model\Projeto_ES670_rpy\uart.sbs on Tuesday, June 28, 2016 (01:32:52).-

06, 28, 2016 (01:32:52): Opening rpy file E:\ES670A\Final Project\model\Projeto_ES670_rpy\controller.sbs
06, 28, 2016 (01:32:52): 
 Started loading E:\ES670A\Final Project\model\Projeto_ES670_rpy\controller.sbs on Tuesday, June 28, 2016 (01:32:52).-

06, 28, 2016 (01:32:52): 

Starting inUnit resolution phase


06, 28, 2016 (01:32:52): 

Finished inUnit resolution phase


06, 28, 2016 (01:32:52): 
 Finished loading E:\ES670A\Final Project\model\Projeto_ES670_rpy\controller.sbs on Tuesday, June 28, 2016 (01:32:52).-

06, 28, 2016 (01:32:52): Opening rpy file E:\ES670A\Final Project\model\Projeto_ES670_rpy\hmi.sbs
06, 28, 2016 (01:32:52): 
 Started loading E:\ES670A\Final Project\model\Projeto_ES670_rpy\hmi.sbs on Tuesday, June 28, 2016 (01:32:52).-

06, 28, 2016 (01:32:52): 

Starting inUnit resolution phase


06, 28, 2016 (01:32:52): 

Finished inUnit resolution phase


06, 28, 2016 (01:32:52): 
 Finished loading E:\ES670A\Final Project\model\Projeto_ES670_rpy\hmi.sbs on Tuesday, June 28, 2016 (01:32:52).-

06, 28, 2016 (01:32:52): Opening rpy file E:\ES670A\Final Project\model\Projeto_ES670_rpy\encoder.sbs
06, 28, 2016 (01:32:52): 
 Started loading E:\ES670A\Final Project\model\Projeto_ES670_rpy\encoder.sbs on Tuesday, June 28, 2016 (01:32:52).-

06, 28, 2016 (01:32:52): 

Starting inUnit resolution phase


06, 28, 2016 (01:32:52): 

Finished inUnit resolution phase


06, 28, 2016 (01:32:52): 
 Finished loading E:\ES670A\Final Project\model\Projeto_ES670_rpy\encoder.sbs on Tuesday, June 28, 2016 (01:32:52).-

06, 28, 2016 (01:32:52): Opening rpy file E:\ES670A\Final Project\model\Projeto_ES670_rpy\driver.sbs
06, 28, 2016 (01:32:52): 
 Started loading E:\ES670A\Final Project\model\Projeto_ES670_rpy\driver.sbs on Tuesday, June 28, 2016 (01:32:52).-

06, 28, 2016 (01:32:52): 

Starting inUnit resolution phase


06, 28, 2016 (01:32:52): 

Finished inUnit resolution phase


06, 28, 2016 (01:32:52): 
 Finished loading E:\ES670A\Final Project\model\Projeto_ES670_rpy\driver.sbs on Tuesday, June 28, 2016 (01:32:52).-

06, 28, 2016 (01:32:52): Opening rpy file E:\ES670A\Final Project\model\Projeto_ES670_rpy\target_definitions.sbs
06, 28, 2016 (01:32:52): 
 Started loading E:\ES670A\Final Project\model\Projeto_ES670_rpy\target_definitions.sbs on Tuesday, June 28, 2016 (01:32:52).-

06, 28, 2016 (01:32:52): 

Starting inUnit resolution phase


06, 28, 2016 (01:32:52): 

Finished inUnit resolution phase


06, 28, 2016 (01:32:52): 
 Finished loading E:\ES670A\Final Project\model\Projeto_ES670_rpy\target_definitions.sbs on Tuesday, June 28, 2016 (01:32:52).-

06, 28, 2016 (01:32:52): 

Starting inUnit resolution phase


06, 28, 2016 (01:32:52): 

Finished inUnit resolution phase


06, 28, 2016 (01:32:52): 
 Finished loading E:\ES670A\Final Project\model\Projeto_ES670_rpy\hal.sbs on Tuesday, June 28, 2016 (01:32:52).-

06, 28, 2016 (01:32:52): 

Starting inUnit resolution phase


06, 28, 2016 (01:32:52): 

Finished inUnit resolution phase


06, 28, 2016 (01:32:52): 
 Finished loading E:\ES670A\Final Project\model\Projeto_ES670_rpy\Sources.sbs on Tuesday, June 28, 2016 (01:32:52).-

06, 28, 2016 (01:32:52): Opening rpy file E:\ES670A\Final Project\model\Projeto_ES670_rpy\FRDM_KL25Z.cmp
06, 28, 2016 (01:32:52): 
 Started loading E:\ES670A\Final Project\model\Projeto_ES670_rpy\FRDM_KL25Z.cmp on Tuesday, June 28, 2016 (01:32:52).-

06, 28, 2016 (01:32:52): 

Starting inUnit resolution phase


06, 28, 2016 (01:32:52): 

Finished inUnit resolution phase


06, 28, 2016 (01:32:52): 
 Finished loading E:\ES670A\Final Project\model\Projeto_ES670_rpy\FRDM_KL25Z.cmp on Tuesday, June 28, 2016 (01:32:52).-

06, 28, 2016 (01:32:52): Opening rpy file E:\ES670A\Final Project\model\Projeto_ES670_rpy\Driver.cmp
06, 28, 2016 (01:32:52): 
 Started loading E:\ES670A\Final Project\model\Projeto_ES670_rpy\Driver.cmp on Tuesday, June 28, 2016 (01:32:52).-

06, 28, 2016 (01:32:52): 

Starting inUnit resolution phase


06, 28, 2016 (01:32:52): 

Finished inUnit resolution phase


06, 28, 2016 (01:32:52): 
 Finished loading E:\ES670A\Final Project\model\Projeto_ES670_rpy\Driver.cmp on Tuesday, June 28, 2016 (01:32:52).-

06, 28, 2016 (01:32:52): Opening rpy file E:\ES670A\Final Project\model\Projeto_ES670_rpy\Encoder.cmp
06, 28, 2016 (01:32:52): 
 Started loading E:\ES670A\Final Project\model\Projeto_ES670_rpy\Encoder.cmp on Tuesday, June 28, 2016 (01:32:52).-

06, 28, 2016 (01:32:52): 

Starting inUnit resolution phase


06, 28, 2016 (01:32:52): 

Finished inUnit resolution phase


06, 28, 2016 (01:32:52): 
 Finished loading E:\ES670A\Final Project\model\Projeto_ES670_rpy\Encoder.cmp on Tuesday, June 28, 2016 (01:32:52).-

06, 28, 2016 (01:32:52): Opening rpy file E:\ES670A\Final Project\model\Projeto_ES670_rpy\Motor.cmp
06, 28, 2016 (01:32:52): 
 Started loading E:\ES670A\Final Project\model\Projeto_ES670_rpy\Motor.cmp on Tuesday, June 28, 2016 (01:32:52).-

06, 28, 2016 (01:32:52): 

Starting inUnit resolution phase


06, 28, 2016 (01:32:52): 

Finished inUnit resolution phase


06, 28, 2016 (01:32:52): 
 Finished loading E:\ES670A\Final Project\model\Projeto_ES670_rpy\Motor.cmp on Tuesday, June 28, 2016 (01:32:52).-

06, 28, 2016 (01:32:52): Opening rpy file E:\ES670A\Final Project\model\Projeto_ES670_rpy\PowerSupply.cmp
06, 28, 2016 (01:32:52): 
 Started loading E:\ES670A\Final Project\model\Projeto_ES670_rpy\PowerSupply.cmp on Tuesday, June 28, 2016 (01:32:52).-

06, 28, 2016 (01:32:52): 

Starting inUnit resolution phase


06, 28, 2016 (01:32:52): 

Finished inUnit resolution phase


06, 28, 2016 (01:32:52): 
 Finished loading E:\ES670A\Final Project\model\Projeto_ES670_rpy\PowerSupply.cmp on Tuesday, June 28, 2016 (01:32:52).-

06, 28, 2016 (01:32:52): 

Starting inUnit resolution phase


06, 28, 2016 (01:32:52): 

Finished inUnit resolution phase


06, 28, 2016 (01:32:52): 

Starting inUnit resolution phase


06, 28, 2016 (01:32:52): 

Finished inUnit resolution phase


06, 28, 2016 (01:32:52): 

Starting inUnit resolution phase


06, 28, 2016 (01:32:52): 

Finished inUnit resolution phase


06, 28, 2016 (01:32:52): 
 Finished loading E:\ES670A\Final Project\model\Projeto_ES670.rpy on Tuesday, June 28, 2016 (01:32:52).-

06, 28, 2016 (01:32:52): Starting checks of EventsBaseID conflicts
06, 28, 2016 (01:32:52): Finished checks of EventsBaseID conflicts
06, 28, 2016 (01:32:52): End Log
