06, 28, 2016 (01:33:03): Starting Pre-Save actions

06, 28, 2016 (01:33:03): Starting Dialogs Check/Save
06, 28, 2016 (01:33:03): Finished Dialogs Check/Save
06, 28, 2016 (01:33:03): Starting Controlled Files Resolution
06, 28, 2016 (01:33:03): Finished Controlled Files Resolution
06, 28, 2016 (01:33:03): Finished Pre-Save actions

06, 28, 2016 (01:33:03): Creating E:\ES670A\Final Project\model\Projeto_ES670.rpy
06, 28, 2016 (01:33:03): 
Started writing E:\ES670A\Final Project\model\Projeto_ES670.rpy on Tuesday, June 28, 2016 (01:33:03)

06, 28, 2016 (01:33:03): version 8.5.2
06, 28, 2016 (01:33:03): 
Started writing E:\ES670A\Final Project\model\Projeto_ES670_rpy\filesTable.dat on Tuesday, June 28, 2016 (01:33:03)

06, 28, 2016 (01:33:03): Finished writing E:\ES670A\Final Project\model\Projeto_ES670_rpy\filesTable.dat on Tuesday, June 28, 2016 (01:33:03)

06, 28, 2016 (01:33:03): Creating E:\ES670A\Final Project\model\Projeto_ES670_rpy\Requirements.sbs
06, 28, 2016 (01:33:03): 
Started writing E:\ES670A\Final Project\model\Projeto_ES670_rpy\Requirements.sbs on Tuesday, June 28, 2016 (01:33:03)

06, 28, 2016 (01:33:03): version 8.5.2
06, 28, 2016 (01:33:03): Finished writing E:\ES670A\Final Project\model\Projeto_ES670_rpy\Requirements.sbs on Tuesday, June 28, 2016 (01:33:03)

06, 28, 2016 (01:33:04): Finished writing E:\ES670A\Final Project\model\Projeto_ES670.rpy on Tuesday, June 28, 2016 (01:33:04)

06, 28, 2016 (01:33:04): End Log
