15:33:45 **** Build of configuration debug for project ksdk_hal_lib_KL25Z4 ****
make -k all 
Building file: C:/Freescale/KSDK_1.2.0/platform/hal/src/uart/fsl_uart_hal.c
Invoking: Cross ARM C Compiler
arm-none-eabi-gcc -mcpu=cortex-m0plus -mthumb -O0 -fmessage-length=0 -fsigned-char -ffunction-sections -fdata-sections -Wall  -g -DDEBUG -DCPU_MKL25Z128VLK4 -I../../../../../platform/CMSIS/Include -I../../../../../platform/devices -I../../../../../platform/devices/MKL25Z4/include -I../../../../../platform/devices/MKL25Z4/startup -I../../../../../platform/utilities/inc -I../../../../../platform/hal/inc -std=gnu99 -fno-common  -ffreestanding  -fno-builtin  -mapcs -MMD -MP -MF"platform/hal/uart/fsl_uart_hal.d" -MT"platform/hal/uart/fsl_uart_hal.o" -c -o "platform/hal/uart/fsl_uart_hal.o" "C:/Freescale/KSDK_1.2.0/platform/hal/src/uart/fsl_uart_hal.c"
Finished building: C:/Freescale/KSDK_1.2.0/platform/hal/src/uart/fsl_uart_hal.c
 
Building file: C:/Freescale/KSDK_1.2.0/platform/hal/src/tsi/fsl_tsi_hal.c
Invoking: Cross ARM C Compiler
arm-none-eabi-gcc -mcpu=cortex-m0plus -mthumb -O0 -fmessage-length=0 -fsigned-char -ffunction-sections -fdata-sections -Wall  -g -DDEBUG -DCPU_MKL25Z128VLK4 -I../../../../../platform/CMSIS/Include -I../../../../../platform/devices -I../../../../../platform/devices/MKL25Z4/include -I../../../../../platform/devices/MKL25Z4/startup -I../../../../../platform/utilities/inc -I../../../../../platform/hal/inc -std=gnu99 -fno-common  -ffreestanding  -fno-builtin  -mapcs -MMD -MP -MF"platform/hal/tsi/fsl_tsi_hal.d" -MT"platform/hal/tsi/fsl_tsi_hal.o" -c -o "platform/hal/tsi/fsl_tsi_hal.o" "C:/Freescale/KSDK_1.2.0/platform/hal/src/tsi/fsl_tsi_hal.c"
Finished building: C:/Freescale/KSDK_1.2.0/platform/hal/src/tsi/fsl_tsi_hal.c
 
Building file: C:/Freescale/KSDK_1.2.0/platform/hal/src/tsi/fsl_tsi_v4_hal_specific.c
Invoking: Cross ARM C Compiler
arm-none-eabi-gcc -mcpu=cortex-m0plus -mthumb -O0 -fmessage-length=0 -fsigned-char -ffunction-sections -fdata-sections -Wall  -g -DDEBUG -DCPU_MKL25Z128VLK4 -I../../../../../platform/CMSIS/Include -I../../../../../platform/devices -I../../../../../platform/devices/MKL25Z4/include -I../../../../../platform/devices/MKL25Z4/startup -I../../../../../platform/utilities/inc -I../../../../../platform/hal/inc -std=gnu99 -fno-common  -ffreestanding  -fno-builtin  -mapcs -MMD -MP -MF"platform/hal/tsi/fsl_tsi_v4_hal_specific.d" -MT"platform/hal/tsi/fsl_tsi_v4_hal_specific.o" -c -o "platform/hal/tsi/fsl_tsi_v4_hal_specific.o" "C:/Freescale/KSDK_1.2.0/platform/hal/src/tsi/fsl_tsi_v4_hal_specific.c"
Finished building: C:/Freescale/KSDK_1.2.0/platform/hal/src/tsi/fsl_tsi_v4_hal_specific.c
 
Building file: C:/Freescale/KSDK_1.2.0/platform/hal/src/tpm/fsl_tpm_hal.c
Invoking: Cross ARM C Compiler
arm-none-eabi-gcc -mcpu=cortex-m0plus -mthumb -O0 -fmessage-length=0 -fsigned-char -ffunction-sections -fdata-sections -Wall  -g -DDEBUG -DCPU_MKL25Z128VLK4 -I../../../../../platform/CMSIS/Include -I../../../../../platform/devices -I../../../../../platform/devices/MKL25Z4/include -I../../../../../platform/devices/MKL25Z4/startup -I../../../../../platform/utilities/inc -I../../../../../platform/hal/inc -std=gnu99 -fno-common  -ffreestanding  -fno-builtin  -mapcs -MMD -MP -MF"platform/hal/tpm/fsl_tpm_hal.d" -MT"platform/hal/tpm/fsl_tpm_hal.o" -c -o "platform/hal/tpm/fsl_tpm_hal.o" "C:/Freescale/KSDK_1.2.0/platform/hal/src/tpm/fsl_tpm_hal.c"
Finished building: C:/Freescale/KSDK_1.2.0/platform/hal/src/tpm/fsl_tpm_hal.c
 
Building file: C:/Freescale/KSDK_1.2.0/platform/hal/src/spi/fsl_spi_hal.c
Invoking: Cross ARM C Compiler
arm-none-eabi-gcc -mcpu=cortex-m0plus -mthumb -O0 -fmessage-length=0 -fsigned-char -ffunction-sections -fdata-sections -Wall  -g -DDEBUG -DCPU_MKL25Z128VLK4 -I../../../../../platform/CMSIS/Include -I../../../../../platform/devices -I../../../../../platform/devices/MKL25Z4/include -I../../../../../platform/devices/MKL25Z4/startup -I../../../../../platform/utilities/inc -I../../../../../platform/hal/inc -std=gnu99 -fno-common  -ffreestanding  -fno-builtin  -mapcs -MMD -MP -MF"platform/hal/spi/fsl_spi_hal.d" -MT"platform/hal/spi/fsl_spi_hal.o" -c -o "platform/hal/spi/fsl_spi_hal.o" "C:/Freescale/KSDK_1.2.0/platform/hal/src/spi/fsl_spi_hal.c"
Finished building: C:/Freescale/KSDK_1.2.0/platform/hal/src/spi/fsl_spi_hal.c
 
Building file: C:/Freescale/KSDK_1.2.0/platform/hal/src/smc/fsl_smc_hal.c
Invoking: Cross ARM C Compiler
arm-none-eabi-gcc -mcpu=cortex-m0plus -mthumb -O0 -fmessage-length=0 -fsigned-char -ffunction-sections -fdata-sections -Wall  -g -DDEBUG -DCPU_MKL25Z128VLK4 -I../../../../../platform/CMSIS/Include -I../../../../../platform/devices -I../../../../../platform/devices/MKL25Z4/include -I../../../../../platform/devices/MKL25Z4/startup -I../../../../../platform/utilities/inc -I../../../../../platform/hal/inc -std=gnu99 -fno-common  -ffreestanding  -fno-builtin  -mapcs -MMD -MP -MF"platform/hal/smc/fsl_smc_hal.d" -MT"platform/hal/smc/fsl_smc_hal.o" -c -o "platform/hal/smc/fsl_smc_hal.o" "C:/Freescale/KSDK_1.2.0/platform/hal/src/smc/fsl_smc_hal.c"
Finished building: C:/Freescale/KSDK_1.2.0/platform/hal/src/smc/fsl_smc_hal.c
 
Building file: C:/Freescale/KSDK_1.2.0/platform/hal/src/sim/MKL25Z4/fsl_sim_hal_MKL25Z4.c
Invoking: Cross ARM C Compiler
arm-none-eabi-gcc -mcpu=cortex-m0plus -mthumb -O0 -fmessage-length=0 -fsigned-char -ffunction-sections -fdata-sections -Wall  -g -DDEBUG -DCPU_MKL25Z128VLK4 -I../../../../../platform/CMSIS/Include -I../../../../../platform/devices -I../../../../../platform/devices/MKL25Z4/include -I../../../../../platform/devices/MKL25Z4/startup -I../../../../../platform/utilities/inc -I../../../../../platform/hal/inc -std=gnu99 -fno-common  -ffreestanding  -fno-builtin  -mapcs -MMD -MP -MF"platform/hal/sim/fsl_sim_hal_MKL25Z4.d" -MT"platform/hal/sim/fsl_sim_hal_MKL25Z4.o" -c -o "platform/hal/sim/fsl_sim_hal_MKL25Z4.o" "C:/Freescale/KSDK_1.2.0/platform/hal/src/sim/MKL25Z4/fsl_sim_hal_MKL25Z4.c"
Finished building: C:/Freescale/KSDK_1.2.0/platform/hal/src/sim/MKL25Z4/fsl_sim_hal_MKL25Z4.c
 
Building file: C:/Freescale/KSDK_1.2.0/platform/hal/src/rtc/fsl_rtc_hal.c
Invoking: Cross ARM C Compiler
arm-none-eabi-gcc -mcpu=cortex-m0plus -mthumb -O0 -fmessage-length=0 -fsigned-char -ffunction-sections -fdata-sections -Wall  -g -DDEBUG -DCPU_MKL25Z128VLK4 -I../../../../../platform/CMSIS/Include -I../../../../../platform/devices -I../../../../../platform/devices/MKL25Z4/include -I../../../../../platform/devices/MKL25Z4/startup -I../../../../../platform/utilities/inc -I../../../../../platform/hal/inc -std=gnu99 -fno-common  -ffreestanding  -fno-builtin  -mapcs -MMD -MP -MF"platform/hal/rtc/fsl_rtc_hal.d" -MT"platform/hal/rtc/fsl_rtc_hal.o" -c -o "platform/hal/rtc/fsl_rtc_hal.o" "C:/Freescale/KSDK_1.2.0/platform/hal/src/rtc/fsl_rtc_hal.c"
Finished building: C:/Freescale/KSDK_1.2.0/platform/hal/src/rtc/fsl_rtc_hal.c
 
Building file: C:/Freescale/KSDK_1.2.0/platform/hal/src/rcm/fsl_rcm_hal.c
Invoking: Cross ARM C Compiler
arm-none-eabi-gcc -mcpu=cortex-m0plus -mthumb -O0 -fmessage-length=0 -fsigned-char -ffunction-sections -fdata-sections -Wall  -g -DDEBUG -DCPU_MKL25Z128VLK4 -I../../../../../platform/CMSIS/Include -I../../../../../platform/devices -I../../../../../platform/devices/MKL25Z4/include -I../../../../../platform/devices/MKL25Z4/startup -I../../../../../platform/utilities/inc -I../../../../../platform/hal/inc -std=gnu99 -fno-common  -ffreestanding  -fno-builtin  -mapcs -MMD -MP -MF"platform/hal/rcm/fsl_rcm_hal.d" -MT"platform/hal/rcm/fsl_rcm_hal.o" -c -o "platform/hal/rcm/fsl_rcm_hal.o" "C:/Freescale/KSDK_1.2.0/platform/hal/src/rcm/fsl_rcm_hal.c"
Finished building: C:/Freescale/KSDK_1.2.0/platform/hal/src/rcm/fsl_rcm_hal.c
 
Building file: C:/Freescale/KSDK_1.2.0/platform/hal/src/port/fsl_port_hal.c
Invoking: Cross ARM C Compiler
arm-none-eabi-gcc -mcpu=cortex-m0plus -mthumb -O0 -fmessage-length=0 -fsigned-char -ffunction-sections -fdata-sections -Wall  -g -DDEBUG -DCPU_MKL25Z128VLK4 -I../../../../../platform/CMSIS/Include -I../../../../../platform/devices -I../../../../../platform/devices/MKL25Z4/include -I../../../../../platform/devices/MKL25Z4/startup -I../../../../../platform/utilities/inc -I../../../../../platform/hal/inc -std=gnu99 -fno-common  -ffreestanding  -fno-builtin  -mapcs -MMD -MP -MF"platform/hal/port/fsl_port_hal.d" -MT"platform/hal/port/fsl_port_hal.o" -c -o "platform/hal/port/fsl_port_hal.o" "C:/Freescale/KSDK_1.2.0/platform/hal/src/port/fsl_port_hal.c"
Finished building: C:/Freescale/KSDK_1.2.0/platform/hal/src/port/fsl_port_hal.c
 
Building file: C:/Freescale/KSDK_1.2.0/platform/hal/src/pit/fsl_pit_hal.c
Invoking: Cross ARM C Compiler
arm-none-eabi-gcc -mcpu=cortex-m0plus -mthumb -O0 -fmessage-length=0 -fsigned-char -ffunction-sections -fdata-sections -Wall  -g -DDEBUG -DCPU_MKL25Z128VLK4 -I../../../../../platform/CMSIS/Include -I../../../../../platform/devices -I../../../../../platform/devices/MKL25Z4/include -I../../../../../platform/devices/MKL25Z4/startup -I../../../../../platform/utilities/inc -I../../../../../platform/hal/inc -std=gnu99 -fno-common  -ffreestanding  -fno-builtin  -mapcs -MMD -MP -MF"platform/hal/pit/fsl_pit_hal.d" -MT"platform/hal/pit/fsl_pit_hal.o" -c -o "platform/hal/pit/fsl_pit_hal.o" "C:/Freescale/KSDK_1.2.0/platform/hal/src/pit/fsl_pit_hal.c"
Finished building: C:/Freescale/KSDK_1.2.0/platform/hal/src/pit/fsl_pit_hal.c
 
Building file: C:/Freescale/KSDK_1.2.0/platform/hal/src/osc/fsl_osc_hal.c
Invoking: Cross ARM C Compiler
arm-none-eabi-gcc -mcpu=cortex-m0plus -mthumb -O0 -fmessage-length=0 -fsigned-char -ffunction-sections -fdata-sections -Wall  -g -DDEBUG -DCPU_MKL25Z128VLK4 -I../../../../../platform/CMSIS/Include -I../../../../../platform/devices -I../../../../../platform/devices/MKL25Z4/include -I../../../../../platform/devices/MKL25Z4/startup -I../../../../../platform/utilities/inc -I../../../../../platform/hal/inc -std=gnu99 -fno-common  -ffreestanding  -fno-builtin  -mapcs -MMD -MP -MF"platform/hal/osc/fsl_osc_hal.d" -MT"platform/hal/osc/fsl_osc_hal.o" -c -o "platform/hal/osc/fsl_osc_hal.o" "C:/Freescale/KSDK_1.2.0/platform/hal/src/osc/fsl_osc_hal.c"
Finished building: C:/Freescale/KSDK_1.2.0/platform/hal/src/osc/fsl_osc_hal.c
 
Building file: C:/Freescale/KSDK_1.2.0/platform/hal/src/mcg/fsl_mcg_hal.c
Invoking: Cross ARM C Compiler
arm-none-eabi-gcc -mcpu=cortex-m0plus -mthumb -O0 -fmessage-length=0 -fsigned-char -ffunction-sections -fdata-sections -Wall  -g -DDEBUG -DCPU_MKL25Z128VLK4 -I../../../../../platform/CMSIS/Include -I../../../../../platform/devices -I../../../../../platform/devices/MKL25Z4/include -I../../../../../platform/devices/MKL25Z4/startup -I../../../../../platform/utilities/inc -I../../../../../platform/hal/inc -std=gnu99 -fno-common  -ffreestanding  -fno-builtin  -mapcs -MMD -MP -MF"platform/hal/mcg/fsl_mcg_hal.d" -MT"platform/hal/mcg/fsl_mcg_hal.o" -c -o "platform/hal/mcg/fsl_mcg_hal.o" "C:/Freescale/KSDK_1.2.0/platform/hal/src/mcg/fsl_mcg_hal.c"
Finished building: C:/Freescale/KSDK_1.2.0/platform/hal/src/mcg/fsl_mcg_hal.c
 
Building file: C:/Freescale/KSDK_1.2.0/platform/hal/src/mcg/fsl_mcg_hal_modes.c
Invoking: Cross ARM C Compiler
arm-none-eabi-gcc -mcpu=cortex-m0plus -mthumb -O0 -fmessage-length=0 -fsigned-char -ffunction-sections -fdata-sections -Wall  -g -DDEBUG -DCPU_MKL25Z128VLK4 -I../../../../../platform/CMSIS/Include -I../../../../../platform/devices -I../../../../../platform/devices/MKL25Z4/include -I../../../../../platform/devices/MKL25Z4/startup -I../../../../../platform/utilities/inc -I../../../../../platform/hal/inc -std=gnu99 -fno-common  -ffreestanding  -fno-builtin  -mapcs -MMD -MP -MF"platform/hal/mcg/fsl_mcg_hal_modes.d" -MT"platform/hal/mcg/fsl_mcg_hal_modes.o" -c -o "platform/hal/mcg/fsl_mcg_hal_modes.o" "C:/Freescale/KSDK_1.2.0/platform/hal/src/mcg/fsl_mcg_hal_modes.c"
Finished building: C:/Freescale/KSDK_1.2.0/platform/hal/src/mcg/fsl_mcg_hal_modes.c
 
Building file: C:/Freescale/KSDK_1.2.0/platform/hal/src/lptmr/fsl_lptmr_hal.c
Invoking: Cross ARM C Compiler
arm-none-eabi-gcc -mcpu=cortex-m0plus -mthumb -O0 -fmessage-length=0 -fsigned-char -ffunction-sections -fdata-sections -Wall  -g -DDEBUG -DCPU_MKL25Z128VLK4 -I../../../../../platform/CMSIS/Include -I../../../../../platform/devices -I../../../../../platform/devices/MKL25Z4/include -I../../../../../platform/devices/MKL25Z4/startup -I../../../../../platform/utilities/inc -I../../../../../platform/hal/inc -std=gnu99 -fno-common  -ffreestanding  -fno-builtin  -mapcs -MMD -MP -MF"platform/hal/lptmr/fsl_lptmr_hal.d" -MT"platform/hal/lptmr/fsl_lptmr_hal.o" -c -o "platform/hal/lptmr/fsl_lptmr_hal.o" "C:/Freescale/KSDK_1.2.0/platform/hal/src/lptmr/fsl_lptmr_hal.c"
Finished building: C:/Freescale/KSDK_1.2.0/platform/hal/src/lptmr/fsl_lptmr_hal.c
 
Building file: C:/Freescale/KSDK_1.2.0/platform/hal/src/lpsci/fsl_lpsci_hal.c
Invoking: Cross ARM C Compiler
arm-none-eabi-gcc -mcpu=cortex-m0plus -mthumb -O0 -fmessage-length=0 -fsigned-char -ffunction-sections -fdata-sections -Wall  -g -DDEBUG -DCPU_MKL25Z128VLK4 -I../../../../../platform/CMSIS/Include -I../../../../../platform/devices -I../../../../../platform/devices/MKL25Z4/include -I../../../../../platform/devices/MKL25Z4/startup -I../../../../../platform/utilities/inc -I../../../../../platform/hal/inc -std=gnu99 -fno-common  -ffreestanding  -fno-builtin  -mapcs -MMD -MP -MF"platform/hal/lpsci/fsl_lpsci_hal.d" -MT"platform/hal/lpsci/fsl_lpsci_hal.o" -c -o "platform/hal/lpsci/fsl_lpsci_hal.o" "C:/Freescale/KSDK_1.2.0/platform/hal/src/lpsci/fsl_lpsci_hal.c"
Finished building: C:/Freescale/KSDK_1.2.0/platform/hal/src/lpsci/fsl_lpsci_hal.c
 
Building file: C:/Freescale/KSDK_1.2.0/platform/hal/src/llwu/fsl_llwu_hal.c
Invoking: Cross ARM C Compiler
arm-none-eabi-gcc -mcpu=cortex-m0plus -mthumb -O0 -fmessage-length=0 -fsigned-char -ffunction-sections -fdata-sections -Wall  -g -DDEBUG -DCPU_MKL25Z128VLK4 -I../../../../../platform/CMSIS/Include -I../../../../../platform/devices -I../../../../../platform/devices/MKL25Z4/include -I../../../../../platform/devices/MKL25Z4/startup -I../../../../../platform/utilities/inc -I../../../../../platform/hal/inc -std=gnu99 -fno-common  -ffreestanding  -fno-builtin  -mapcs -MMD -MP -MF"platform/hal/llwu/fsl_llwu_hal.d" -MT"platform/hal/llwu/fsl_llwu_hal.o" -c -o "platform/hal/llwu/fsl_llwu_hal.o" "C:/Freescale/KSDK_1.2.0/platform/hal/src/llwu/fsl_llwu_hal.c"
Finished building: C:/Freescale/KSDK_1.2.0/platform/hal/src/llwu/fsl_llwu_hal.c
 
Building file: C:/Freescale/KSDK_1.2.0/platform/hal/src/i2c/fsl_i2c_hal.c
Invoking: Cross ARM C Compiler
arm-none-eabi-gcc -mcpu=cortex-m0plus -mthumb -O0 -fmessage-length=0 -fsigned-char -ffunction-sections -fdata-sections -Wall  -g -DDEBUG -DCPU_MKL25Z128VLK4 -I../../../../../platform/CMSIS/Include -I../../../../../platform/devices -I../../../../../platform/devices/MKL25Z4/include -I../../../../../platform/devices/MKL25Z4/startup -I../../../../../platform/utilities/inc -I../../../../../platform/hal/inc -std=gnu99 -fno-common  -ffreestanding  -fno-builtin  -mapcs -MMD -MP -MF"platform/hal/i2c/fsl_i2c_hal.d" -MT"platform/hal/i2c/fsl_i2c_hal.o" -c -o "platform/hal/i2c/fsl_i2c_hal.o" "C:/Freescale/KSDK_1.2.0/platform/hal/src/i2c/fsl_i2c_hal.c"
Finished building: C:/Freescale/KSDK_1.2.0/platform/hal/src/i2c/fsl_i2c_hal.c
 
Building file: C:/Freescale/KSDK_1.2.0/platform/hal/src/gpio/fsl_gpio_hal.c
Invoking: Cross ARM C Compiler
arm-none-eabi-gcc -mcpu=cortex-m0plus -mthumb -O0 -fmessage-length=0 -fsigned-char -ffunction-sections -fdata-sections -Wall  -g -DDEBUG -DCPU_MKL25Z128VLK4 -I../../../../../platform/CMSIS/Include -I../../../../../platform/devices -I../../../../../platform/devices/MKL25Z4/include -I../../../../../platform/devices/MKL25Z4/startup -I../../../../../platform/utilities/inc -I../../../../../platform/hal/inc -std=gnu99 -fno-common  -ffreestanding  -fno-builtin  -mapcs -MMD -MP -MF"platform/hal/gpio/fsl_gpio_hal.d" -MT"platform/hal/gpio/fsl_gpio_hal.o" -c -o "platform/hal/gpio/fsl_gpio_hal.o" "C:/Freescale/KSDK_1.2.0/platform/hal/src/gpio/fsl_gpio_hal.c"
Finished building: C:/Freescale/KSDK_1.2.0/platform/hal/src/gpio/fsl_gpio_hal.c
 
Building file: C:/Freescale/KSDK_1.2.0/platform/hal/src/dmamux/fsl_dmamux_hal.c
Invoking: Cross ARM C Compiler
arm-none-eabi-gcc -mcpu=cortex-m0plus -mthumb -O0 -fmessage-length=0 -fsigned-char -ffunction-sections -fdata-sections -Wall  -g -DDEBUG -DCPU_MKL25Z128VLK4 -I../../../../../platform/CMSIS/Include -I../../../../../platform/devices -I../../../../../platform/devices/MKL25Z4/include -I../../../../../platform/devices/MKL25Z4/startup -I../../../../../platform/utilities/inc -I../../../../../platform/hal/inc -std=gnu99 -fno-common  -ffreestanding  -fno-builtin  -mapcs -MMD -MP -MF"platform/hal/dmamux/fsl_dmamux_hal.d" -MT"platform/hal/dmamux/fsl_dmamux_hal.o" -c -o "platform/hal/dmamux/fsl_dmamux_hal.o" "C:/Freescale/KSDK_1.2.0/platform/hal/src/dmamux/fsl_dmamux_hal.c"
Finished building: C:/Freescale/KSDK_1.2.0/platform/hal/src/dmamux/fsl_dmamux_hal.c
 
Building file: C:/Freescale/KSDK_1.2.0/platform/hal/src/dma/fsl_dma_hal.c
Invoking: Cross ARM C Compiler
arm-none-eabi-gcc -mcpu=cortex-m0plus -mthumb -O0 -fmessage-length=0 -fsigned-char -ffunction-sections -fdata-sections -Wall  -g -DDEBUG -DCPU_MKL25Z128VLK4 -I../../../../../platform/CMSIS/Include -I../../../../../platform/devices -I../../../../../platform/devices/MKL25Z4/include -I../../../../../platform/devices/MKL25Z4/startup -I../../../../../platform/utilities/inc -I../../../../../platform/hal/inc -std=gnu99 -fno-common  -ffreestanding  -fno-builtin  -mapcs -MMD -MP -MF"platform/hal/dma/fsl_dma_hal.d" -MT"platform/hal/dma/fsl_dma_hal.o" -c -o "platform/hal/dma/fsl_dma_hal.o" "C:/Freescale/KSDK_1.2.0/platform/hal/src/dma/fsl_dma_hal.c"
Finished building: C:/Freescale/KSDK_1.2.0/platform/hal/src/dma/fsl_dma_hal.c
 
Building file: C:/Freescale/KSDK_1.2.0/platform/hal/src/dac/fsl_dac_hal.c
Invoking: Cross ARM C Compiler
arm-none-eabi-gcc -mcpu=cortex-m0plus -mthumb -O0 -fmessage-length=0 -fsigned-char -ffunction-sections -fdata-sections -Wall  -g -DDEBUG -DCPU_MKL25Z128VLK4 -I../../../../../platform/CMSIS/Include -I../../../../../platform/devices -I../../../../../platform/devices/MKL25Z4/include -I../../../../../platform/devices/MKL25Z4/startup -I../../../../../platform/utilities/inc -I../../../../../platform/hal/inc -std=gnu99 -fno-common  -ffreestanding  -fno-builtin  -mapcs -MMD -MP -MF"platform/hal/dac/fsl_dac_hal.d" -MT"platform/hal/dac/fsl_dac_hal.o" -c -o "platform/hal/dac/fsl_dac_hal.o" "C:/Freescale/KSDK_1.2.0/platform/hal/src/dac/fsl_dac_hal.c"
Finished building: C:/Freescale/KSDK_1.2.0/platform/hal/src/dac/fsl_dac_hal.c
 
Building file: C:/Freescale/KSDK_1.2.0/platform/hal/src/cop/fsl_cop_hal.c
Invoking: Cross ARM C Compiler
arm-none-eabi-gcc -mcpu=cortex-m0plus -mthumb -O0 -fmessage-length=0 -fsigned-char -ffunction-sections -fdata-sections -Wall  -g -DDEBUG -DCPU_MKL25Z128VLK4 -I../../../../../platform/CMSIS/Include -I../../../../../platform/devices -I../../../../../platform/devices/MKL25Z4/include -I../../../../../platform/devices/MKL25Z4/startup -I../../../../../platform/utilities/inc -I../../../../../platform/hal/inc -std=gnu99 -fno-common  -ffreestanding  -fno-builtin  -mapcs -MMD -MP -MF"platform/hal/cop/fsl_cop_hal.d" -MT"platform/hal/cop/fsl_cop_hal.o" -c -o "platform/hal/cop/fsl_cop_hal.o" "C:/Freescale/KSDK_1.2.0/platform/hal/src/cop/fsl_cop_hal.c"
Finished building: C:/Freescale/KSDK_1.2.0/platform/hal/src/cop/fsl_cop_hal.c
 
Building file: C:/Freescale/KSDK_1.2.0/platform/hal/src/cmp/fsl_cmp_hal.c
Invoking: Cross ARM C Compiler
arm-none-eabi-gcc -mcpu=cortex-m0plus -mthumb -O0 -fmessage-length=0 -fsigned-char -ffunction-sections -fdata-sections -Wall  -g -DDEBUG -DCPU_MKL25Z128VLK4 -I../../../../../platform/CMSIS/Include -I../../../../../platform/devices -I../../../../../platform/devices/MKL25Z4/include -I../../../../../platform/devices/MKL25Z4/startup -I../../../../../platform/utilities/inc -I../../../../../platform/hal/inc -std=gnu99 -fno-common  -ffreestanding  -fno-builtin  -mapcs -MMD -MP -MF"platform/hal/cmp/fsl_cmp_hal.d" -MT"platform/hal/cmp/fsl_cmp_hal.o" -c -o "platform/hal/cmp/fsl_cmp_hal.o" "C:/Freescale/KSDK_1.2.0/platform/hal/src/cmp/fsl_cmp_hal.c"
Finished building: C:/Freescale/KSDK_1.2.0/platform/hal/src/cmp/fsl_cmp_hal.c
 
Building file: C:/Freescale/KSDK_1.2.0/platform/hal/src/adc16/fsl_adc16_hal.c
Invoking: Cross ARM C Compiler
arm-none-eabi-gcc -mcpu=cortex-m0plus -mthumb -O0 -fmessage-length=0 -fsigned-char -ffunction-sections -fdata-sections -Wall  -g -DDEBUG -DCPU_MKL25Z128VLK4 -I../../../../../platform/CMSIS/Include -I../../../../../platform/devices -I../../../../../platform/devices/MKL25Z4/include -I../../../../../platform/devices/MKL25Z4/startup -I../../../../../platform/utilities/inc -I../../../../../platform/hal/inc -std=gnu99 -fno-common  -ffreestanding  -fno-builtin  -mapcs -MMD -MP -MF"platform/hal/adc16/fsl_adc16_hal.d" -MT"platform/hal/adc16/fsl_adc16_hal.o" -c -o "platform/hal/adc16/fsl_adc16_hal.o" "C:/Freescale/KSDK_1.2.0/platform/hal/src/adc16/fsl_adc16_hal.c"
Finished building: C:/Freescale/KSDK_1.2.0/platform/hal/src/adc16/fsl_adc16_hal.c
 
Building target: libksdk_hal.a
Invoking: Cross ARM GNU Archiver
arm-none-eabi-ar -r  "libksdk_hal.a"  ./platform/hal/uart/fsl_uart_hal.o  ./platform/hal/tsi/fsl_tsi_hal.o ./platform/hal/tsi/fsl_tsi_v4_hal_specific.o  ./platform/hal/tpm/fsl_tpm_hal.o  ./platform/hal/spi/fsl_spi_hal.o  ./platform/hal/smc/fsl_smc_hal.o  ./platform/hal/sim/fsl_sim_hal_MKL25Z4.o  ./platform/hal/rtc/fsl_rtc_hal.o  ./platform/hal/rcm/fsl_rcm_hal.o  ./platform/hal/port/fsl_port_hal.o  ./platform/hal/pit/fsl_pit_hal.o  ./platform/hal/osc/fsl_osc_hal.o  ./platform/hal/mcg/fsl_mcg_hal.o ./platform/hal/mcg/fsl_mcg_hal_modes.o  ./platform/hal/lptmr/fsl_lptmr_hal.o  ./platform/hal/lpsci/fsl_lpsci_hal.o  ./platform/hal/llwu/fsl_llwu_hal.o  ./platform/hal/i2c/fsl_i2c_hal.o  ./platform/hal/gpio/fsl_gpio_hal.o  ./platform/hal/dmamux/fsl_dmamux_hal.o  ./platform/hal/dma/fsl_dma_hal.o  ./platform/hal/dac/fsl_dac_hal.o  ./platform/hal/cop/fsl_cop_hal.o  ./platform/hal/cmp/fsl_cmp_hal.o  ./platform/hal/adc16/fsl_adc16_hal.o   
arm-none-eabi-ar: creating libksdk_hal.a
Finished building target: libksdk_hal.a
 

15:33:50 Build Finished (took 5s.835ms)

